<?xml version="1.0" encoding="UTF-8"?>
<!-- Generated by org.testng.reporters.JUnitReportReporter -->
<testsuite skipped="0" hostname="Dell-PC" name="com.facebook.TestCases.LoginPageTest" tests="2" failures="0" timestamp="06 Feb 2019 09:23:28 GMT" time="14.283" errors="0">
  <testcase name="VerifyTitle" time="0.046" classname="com.facebook.TestCases.LoginPageTest"/>
  <testcase name="Login" time="14.237" classname="com.facebook.TestCases.LoginPageTest"/>
</testsuite> <!-- com.facebook.TestCases.LoginPageTest -->
