<?xml version="1.0" encoding="UTF-8"?>
<!-- Generated by org.testng.reporters.JUnitReportReporter -->
<testsuite skipped="0" hostname="Dell-PC" name="com.facebook.TestCases.LoginPageTest" tests="2" failures="0" timestamp="09 Feb 2019 10:10:02 GMT" time="14.496" errors="0">
  <testcase name="VerifyTitle" time="0.017" classname="com.facebook.TestCases.LoginPageTest"/>
  <testcase name="Login" time="14.479" classname="com.facebook.TestCases.LoginPageTest"/>
</testsuite> <!-- com.facebook.TestCases.LoginPageTest -->
